<?xml version="1.0" encoding="UTF-8"?>
<coverage generated="1649040855641" clover="3.2.0">
  <project timestamp="1649040855641" name="All files">
    <metrics statements="49" coveredstatements="37" conditionals="41" coveredconditionals="34" methods="13" coveredmethods="10" elements="103" coveredelements="81" complexity="0" loc="49" ncloc="49" packages="5" files="9" classes="9"/>
    <package name="components">
      <metrics statements="11" coveredstatements="11" conditionals="2" coveredconditionals="2" methods="5" coveredmethods="5"/>
      <file name="landingPage.js" path="/Users/waldothedeveloper/Documents/weginsurance_gatsby/src/components/landingPage.js">
        <metrics statements="2" coveredstatements="2" conditionals="0" coveredconditionals="0" methods="1" coveredmethods="1"/>
        <line num="7" count="1" type="stmt"/>
        <line num="8" count="2" type="stmt"/>
      </file>
      <file name="layout.js" path="/Users/waldothedeveloper/Documents/weginsurance_gatsby/src/components/layout.js">
        <metrics statements="2" coveredstatements="2" conditionals="0" coveredconditionals="0" methods="1" coveredmethods="1"/>
        <line num="4" count="2" type="stmt"/>
        <line num="7" count="1" type="stmt"/>
      </file>
      <file name="loginButton.js" path="/Users/waldothedeveloper/Documents/weginsurance_gatsby/src/components/loginButton.js">
        <metrics statements="2" coveredstatements="2" conditionals="0" coveredconditionals="0" methods="1" coveredmethods="1"/>
        <line num="4" count="2" type="stmt"/>
        <line num="5" count="3" type="stmt"/>
      </file>
      <file name="notifications.js" path="/Users/waldothedeveloper/Documents/weginsurance_gatsby/src/components/notifications.js">
        <metrics statements="5" coveredstatements="5" conditionals="2" coveredconditionals="2" methods="2" coveredmethods="2"/>
        <line num="9" count="2" type="stmt"/>
        <line num="14" count="2" type="stmt"/>
        <line num="19" count="4" type="stmt"/>
        <line num="66" count="1" type="stmt"/>
        <line num="83" count="2" type="stmt"/>
      </file>
    </package>
    <package name="components.authentication">
      <metrics statements="3" coveredstatements="3" conditionals="17" coveredconditionals="16" methods="1" coveredmethods="1"/>
      <file name="forgotPasswordForm.js" path="/Users/waldothedeveloper/Documents/weginsurance_gatsby/src/components/authentication/forgotPasswordForm.js">
        <metrics statements="3" coveredstatements="3" conditionals="17" coveredconditionals="16" methods="1" coveredmethods="1"/>
        <line num="9" count="1" type="stmt"/>
        <line num="18" count="74" type="stmt"/>
        <line num="19" count="74" type="stmt"/>
      </file>
    </package>
    <package name="hooks.authentication">
      <metrics statements="30" coveredstatements="18" conditionals="8" coveredconditionals="3" methods="6" coveredmethods="3"/>
      <file name="useForgotPassword.js" path="/Users/waldothedeveloper/Documents/weginsurance_gatsby/src/hooks/authentication/useForgotPassword.js">
        <metrics statements="29" coveredstatements="17" conditionals="8" coveredconditionals="3" methods="6" coveredmethods="3"/>
        <line num="8" count="1" type="stmt"/>
        <line num="9" count="1" type="stmt"/>
        <line num="11" count="1" type="stmt"/>
        <line num="12" count="74" type="stmt"/>
        <line num="13" count="74" type="stmt"/>
        <line num="14" count="74" type="stmt"/>
        <line num="15" count="74" type="stmt"/>
        <line num="17" count="74" type="stmt"/>
        <line num="18" count="37" type="cond" truecount="2" falsecount="0"/>
        <line num="19" count="35" type="stmt"/>
        <line num="21" count="2" type="stmt"/>
        <line num="25" count="74" type="stmt"/>
        <line num="26" count="32" type="stmt"/>
        <line num="28" count="32" type="cond" truecount="1" falsecount="1"/>
        <line num="29" count="32" type="stmt"/>
        <line num="33" count="74" type="stmt"/>
        <line num="34" count="0" type="cond" truecount="0" falsecount="2"/>
        <line num="37" count="0" type="stmt"/>
        <line num="40" count="0" type="stmt"/>
        <line num="43" count="0" type="stmt"/>
        <line num="44" count="0" type="stmt"/>
        <line num="46" count="0" type="cond" truecount="0" falsecount="2"/>
        <line num="48" count="0" type="stmt"/>
        <line num="49" count="0" type="stmt"/>
        <line num="50" count="0" type="stmt"/>
        <line num="52" count="0" type="stmt"/>
        <line num="55" count="0" type="stmt"/>
        <line num="56" count="0" type="stmt"/>
        <line num="61" count="74" type="stmt"/>
      </file>
      <file name="validateEmailHelper.js" path="/Users/waldothedeveloper/Documents/weginsurance_gatsby/src/hooks/authentication/validateEmailHelper.js">
        <metrics statements="1" coveredstatements="1" conditionals="0" coveredconditionals="0" methods="0" coveredmethods="0"/>
        <line num="2" count="1" type="stmt"/>
      </file>
    </package>
    <package name="pages.auth">
      <metrics statements="3" coveredstatements="3" conditionals="14" coveredconditionals="13" methods="1" coveredmethods="1"/>
      <file name="email_sent_successfully.js" path="/Users/waldothedeveloper/Documents/weginsurance_gatsby/src/pages/auth/email_sent_successfully.js">
        <metrics statements="3" coveredstatements="3" conditionals="14" coveredconditionals="13" methods="1" coveredmethods="1"/>
        <line num="5" count="4" type="cond" truecount="1" falsecount="1"/>
        <line num="7" count="4" type="stmt"/>
        <line num="74" count="1" type="stmt"/>
      </file>
    </package>
    <package name="utils">
      <metrics statements="2" coveredstatements="2" conditionals="0" coveredconditionals="0" methods="0" coveredmethods="0"/>
      <file name="firebaseConfig.js" path="/Users/waldothedeveloper/Documents/weginsurance_gatsby/src/utils/firebaseConfig.js">
        <metrics statements="2" coveredstatements="2" conditionals="0" coveredconditionals="0" methods="0" coveredmethods="0"/>
        <line num="3" count="1" type="stmt"/>
        <line num="13" count="1" type="stmt"/>
      </file>
    </package>
  </project>
</coverage>
