<?xml version="1.0" encoding="UTF-8"?>
<coverage generated="1649880832163" clover="3.2.0">
  <project timestamp="1649880832163" name="All files">
    <metrics statements="107" coveredstatements="85" conditionals="67" coveredconditionals="54" methods="39" coveredmethods="25" elements="213" coveredelements="164" complexity="0" loc="107" ncloc="107" packages="10" files="20" classes="20"/>
    <package name="components">
      <metrics statements="6" coveredstatements="6" conditionals="0" coveredconditionals="0" methods="3" coveredmethods="3"/>
      <file name="landingPage.js" path="/Users/waldothedeveloper/Documents/weginsurance_gatsby/src/components/landingPage.js">
        <metrics statements="2" coveredstatements="2" conditionals="0" coveredconditionals="0" methods="1" coveredmethods="1"/>
        <line num="7" count="1" type="stmt"/>
        <line num="8" count="2" type="stmt"/>
      </file>
      <file name="layout.js" path="/Users/waldothedeveloper/Documents/weginsurance_gatsby/src/components/layout.js">
        <metrics statements="2" coveredstatements="2" conditionals="0" coveredconditionals="0" methods="1" coveredmethods="1"/>
        <line num="4" count="2" type="stmt"/>
        <line num="7" count="1" type="stmt"/>
      </file>
      <file name="loginButton.js" path="/Users/waldothedeveloper/Documents/weginsurance_gatsby/src/components/loginButton.js">
        <metrics statements="2" coveredstatements="2" conditionals="0" coveredconditionals="0" methods="1" coveredmethods="1"/>
        <line num="4" count="2" type="stmt"/>
        <line num="5" count="3" type="stmt"/>
      </file>
    </package>
    <package name="components.admin">
      <metrics statements="9" coveredstatements="9" conditionals="2" coveredconditionals="2" methods="5" coveredmethods="5"/>
      <file name="screen.js" path="/Users/waldothedeveloper/Documents/weginsurance_gatsby/src/components/admin/screen.js">
        <metrics statements="4" coveredstatements="4" conditionals="0" coveredconditionals="0" methods="2" coveredmethods="2"/>
        <line num="3" count="1" type="stmt"/>
        <line num="4" count="6" type="stmt"/>
        <line num="6" count="2" type="stmt"/>
        <line num="24" count="1" type="stmt"/>
      </file>
      <file name="switcher.js" path="/Users/waldothedeveloper/Documents/weginsurance_gatsby/src/components/admin/switcher.js">
        <metrics statements="5" coveredstatements="5" conditionals="2" coveredconditionals="2" methods="3" coveredmethods="3"/>
        <line num="5" count="1" type="stmt"/>
        <line num="6" count="2" type="stmt"/>
        <line num="8" count="6" type="stmt"/>
        <line num="10" count="1" type="stmt"/>
        <line num="28" count="1" type="stmt"/>
      </file>
    </package>
    <package name="components.authentication">
      <metrics statements="3" coveredstatements="3" conditionals="19" coveredconditionals="16" methods="1" coveredmethods="1"/>
      <file name="forgotPasswordForm.js" path="/Users/waldothedeveloper/Documents/weginsurance_gatsby/src/components/authentication/forgotPasswordForm.js">
        <metrics statements="3" coveredstatements="3" conditionals="19" coveredconditionals="16" methods="1" coveredmethods="1"/>
        <line num="9" count="1" type="stmt"/>
        <line num="17" count="74" type="stmt"/>
        <line num="19" count="74" type="stmt"/>
      </file>
    </package>
    <package name="components.chat">
      <metrics statements="2" coveredstatements="1" conditionals="0" coveredconditionals="0" methods="1" coveredmethods="0"/>
      <file name="all.js" path="/Users/waldothedeveloper/Documents/weginsurance_gatsby/src/components/chat/all.js">
        <metrics statements="2" coveredstatements="1" conditionals="0" coveredconditionals="0" methods="1" coveredmethods="0"/>
        <line num="3" count="2" type="stmt"/>
        <line num="4" count="0" type="stmt"/>
      </file>
    </package>
    <package name="components.shared">
      <metrics statements="43" coveredstatements="37" conditionals="22" coveredconditionals="19" methods="13" coveredmethods="10"/>
      <file name="auth.js" path="/Users/waldothedeveloper/Documents/weginsurance_gatsby/src/components/shared/auth.js">
        <metrics statements="23" coveredstatements="17" conditionals="4" coveredconditionals="2" methods="8" coveredmethods="5"/>
        <line num="7" count="1" type="stmt"/>
        <line num="9" count="1" type="stmt"/>
        <line num="11" count="1" type="stmt"/>
        <line num="12" count="2" type="stmt"/>
        <line num="13" count="2" type="stmt"/>
        <line num="15" count="2" type="stmt"/>
        <line num="16" count="1" type="stmt"/>
        <line num="17" count="1" type="stmt"/>
        <line num="18" count="1" type="cond" truecount="1" falsecount="1"/>
        <line num="19" count="0" type="stmt"/>
        <line num="20" count="0" type="stmt"/>
        <line num="22" count="1" type="stmt"/>
        <line num="25" count="1" type="stmt"/>
        <line num="27" count="2" type="stmt"/>
        <line num="30" count="1" type="stmt"/>
        <line num="31" count="2" type="stmt"/>
        <line num="33" count="2" type="cond" truecount="1" falsecount="1"/>
        <line num="34" count="0" type="stmt"/>
        <line num="36" count="2" type="stmt"/>
        <line num="39" count="1" type="stmt"/>
        <line num="40" count="0" type="stmt"/>
        <line num="42" count="0" type="stmt"/>
        <line num="45" count="0" type="stmt"/>
      </file>
      <file name="banner.js" path="/Users/waldothedeveloper/Documents/weginsurance_gatsby/src/components/shared/banner.js">
        <metrics statements="10" coveredstatements="10" conditionals="11" coveredconditionals="10" methods="3" coveredmethods="3"/>
        <line num="14" count="2" type="stmt"/>
        <line num="19" count="2" type="cond" truecount="1" falsecount="0"/>
        <line num="20" count="8" type="stmt"/>
        <line num="22" count="8" type="stmt"/>
        <line num="23" count="4" type="cond" truecount="2" falsecount="0"/>
        <line num="24" count="3" type="stmt"/>
        <line num="33" count="8" type="stmt"/>
        <line num="68" count="1" type="stmt"/>
        <line num="69" count="1" type="stmt"/>
        <line num="91" count="2" type="stmt"/>
      </file>
      <file name="loader.js" path="/Users/waldothedeveloper/Documents/weginsurance_gatsby/src/components/shared/loader.js">
        <metrics statements="2" coveredstatements="2" conditionals="0" coveredconditionals="0" methods="1" coveredmethods="1"/>
        <line num="3" count="2" type="stmt"/>
        <line num="4" count="2" type="stmt"/>
      </file>
      <file name="privateRoute.js" path="/Users/waldothedeveloper/Documents/weginsurance_gatsby/src/components/shared/privateRoute.js">
        <metrics statements="8" coveredstatements="8" conditionals="7" coveredconditionals="7" methods="1" coveredmethods="1"/>
        <line num="8" count="1" type="stmt"/>
        <line num="9" count="2" type="stmt"/>
        <line num="11" count="2" type="cond" truecount="5" falsecount="0"/>
        <line num="12" count="1" type="stmt"/>
        <line num="15" count="2" type="cond" truecount="2" falsecount="0"/>
        <line num="16" count="1" type="stmt"/>
        <line num="18" count="1" type="stmt"/>
        <line num="23" count="1" type="stmt"/>
      </file>
    </package>
    <package name="components.statistics">
      <metrics statements="1" coveredstatements="1" conditionals="0" coveredconditionals="0" methods="1" coveredmethods="1"/>
      <file name="all.js" path="/Users/waldothedeveloper/Documents/weginsurance_gatsby/src/components/statistics/all.js">
        <metrics statements="1" coveredstatements="1" conditionals="0" coveredconditionals="0" methods="1" coveredmethods="1"/>
        <line num="3" count="2" type="stmt"/>
      </file>
    </package>
    <package name="components.users">
      <metrics statements="9" coveredstatements="4" conditionals="0" coveredconditionals="0" methods="5" coveredmethods="0"/>
      <file name="form.js" path="/Users/waldothedeveloper/Documents/weginsurance_gatsby/src/components/users/form.js">
        <metrics statements="2" coveredstatements="1" conditionals="0" coveredconditionals="0" methods="1" coveredmethods="0"/>
        <line num="2" count="2" type="stmt"/>
        <line num="3" count="0" type="stmt"/>
      </file>
      <file name="screen.js" path="/Users/waldothedeveloper/Documents/weginsurance_gatsby/src/components/users/screen.js">
        <metrics statements="2" coveredstatements="1" conditionals="0" coveredconditionals="0" methods="1" coveredmethods="0"/>
        <line num="4" count="2" type="stmt"/>
        <line num="5" count="0" type="stmt"/>
      </file>
      <file name="usersDictionary.js" path="/Users/waldothedeveloper/Documents/weginsurance_gatsby/src/components/users/usersDictionary.js">
        <metrics statements="5" coveredstatements="2" conditionals="0" coveredconditionals="0" methods="3" coveredmethods="0"/>
        <line num="2" count="2" type="stmt"/>
        <line num="181" count="2" type="stmt"/>
        <line num="182" count="0" type="stmt"/>
        <line num="184" count="0" type="stmt"/>
        <line num="190" count="0" type="stmt"/>
      </file>
    </package>
    <package name="hooks.authentication">
      <metrics statements="27" coveredstatements="17" conditionals="8" coveredconditionals="3" methods="8" coveredmethods="3"/>
      <file name="useForgotPassword.js" path="/Users/waldothedeveloper/Documents/weginsurance_gatsby/src/hooks/authentication/useForgotPassword.js">
        <metrics statements="26" coveredstatements="16" conditionals="8" coveredconditionals="3" methods="8" coveredmethods="3"/>
        <line num="8" count="1" type="stmt"/>
        <line num="9" count="1" type="stmt"/>
        <line num="11" count="1" type="stmt"/>
        <line num="12" count="74" type="stmt"/>
        <line num="13" count="74" type="stmt"/>
        <line num="14" count="74" type="stmt"/>
        <line num="16" count="74" type="stmt"/>
        <line num="17" count="37" type="cond" truecount="2" falsecount="0"/>
        <line num="18" count="35" type="stmt"/>
        <line num="22" count="2" type="stmt"/>
        <line num="26" count="74" type="stmt"/>
        <line num="27" count="32" type="stmt"/>
        <line num="29" count="32" type="cond" truecount="1" falsecount="1"/>
        <line num="30" count="32" type="stmt"/>
        <line num="34" count="74" type="stmt"/>
        <line num="35" count="0" type="cond" truecount="0" falsecount="2"/>
        <line num="38" count="0" type="stmt"/>
        <line num="41" count="0" type="stmt"/>
        <line num="44" count="0" type="stmt"/>
        <line num="46" count="0" type="cond" truecount="0" falsecount="2"/>
        <line num="48" count="0" type="stmt"/>
        <line num="49" count="0" type="stmt"/>
        <line num="51" count="0" type="stmt"/>
        <line num="53" count="0" type="stmt"/>
        <line num="55" count="0" type="stmt"/>
        <line num="60" count="74" type="stmt"/>
      </file>
      <file name="validateEmailHelper.js" path="/Users/waldothedeveloper/Documents/weginsurance_gatsby/src/hooks/authentication/validateEmailHelper.js">
        <metrics statements="1" coveredstatements="1" conditionals="0" coveredconditionals="0" methods="0" coveredmethods="0"/>
        <line num="2" count="2" type="stmt"/>
      </file>
    </package>
    <package name="pages.auth">
      <metrics statements="3" coveredstatements="3" conditionals="14" coveredconditionals="13" methods="1" coveredmethods="1"/>
      <file name="email_sent_successfully.js" path="/Users/waldothedeveloper/Documents/weginsurance_gatsby/src/pages/auth/email_sent_successfully.js">
        <metrics statements="3" coveredstatements="3" conditionals="14" coveredconditionals="13" methods="1" coveredmethods="1"/>
        <line num="5" count="4" type="cond" truecount="1" falsecount="1"/>
        <line num="7" count="4" type="stmt"/>
        <line num="74" count="1" type="stmt"/>
      </file>
    </package>
    <package name="utils">
      <metrics statements="4" coveredstatements="4" conditionals="2" coveredconditionals="1" methods="1" coveredmethods="1"/>
      <file name="classNames.js" path="/Users/waldothedeveloper/Documents/weginsurance_gatsby/src/utils/classNames.js">
        <metrics statements="1" coveredstatements="1" conditionals="0" coveredconditionals="0" methods="1" coveredmethods="1"/>
        <line num="1" count="13" type="stmt"/>
      </file>
      <file name="firebaseConfig.js" path="/Users/waldothedeveloper/Documents/weginsurance_gatsby/src/utils/firebaseConfig.js">
        <metrics statements="3" coveredstatements="3" conditionals="2" coveredconditionals="1" methods="0" coveredmethods="0"/>
        <line num="3" count="2" type="stmt"/>
        <line num="13" count="2" type="stmt"/>
        <line num="15" count="2" type="cond" truecount="1" falsecount="1"/>
      </file>
    </package>
  </project>
</coverage>
