{"/Users/waldothedeveloper/Documents/weginsurance_gatsby/src/components/landingPage.js": {"path":"/Users/waldothedeveloper/Documents/weginsurance_gatsby/src/components/landingPage.js","statementMap":{"0":{"start":{"line":7,"column":20},"end":{"line":134,"column":1}},"1":{"start":{"line":8,"column":2},"end":{"line":133,"column":8}}},"fnMap":{"0":{"name":"(anonymous_0)","decl":{"start":{"line":7,"column":20},"end":{"line":7,"column":21}},"loc":{"start":{"line":8,"column":2},"end":{"line":133,"column":8}},"line":8}},"branchMap":{},"s":{"0":1,"1":2},"f":{"0":2},"b":{},"_coverageSchema":"1a1c01bbd47fc00a2c39e90264f33305004495a9","hash":"5f54fc0e25d04842bb0edc54ad02dae836941ac5"}
,"/Users/waldothedeveloper/Documents/weginsurance_gatsby/src/components/layout.js": {"path":"/Users/waldothedeveloper/Documents/weginsurance_gatsby/src/components/layout.js","statementMap":{"0":{"start":{"line":4,"column":2},"end":{"line":4,"column":31}},"1":{"start":{"line":7,"column":0},"end":{"line":9,"column":2}}},"fnMap":{"0":{"name":"Layout","decl":{"start":{"line":3,"column":24},"end":{"line":3,"column":30}},"loc":{"start":{"line":3,"column":45},"end":{"line":5,"column":1}},"line":3}},"branchMap":{},"s":{"0":2,"1":1},"f":{"0":2},"b":{},"_coverageSchema":"1a1c01bbd47fc00a2c39e90264f33305004495a9","hash":"e6be70c7c3d3a14bfbf21566242689f0663d1b22"}
,"/Users/waldothedeveloper/Documents/weginsurance_gatsby/src/components/loginButton.js": {"path":"/Users/waldothedeveloper/Documents/weginsurance_gatsby/src/components/loginButton.js","statementMap":{"0":{"start":{"line":4,"column":27},"end":{"line":12,"column":1}},"1":{"start":{"line":5,"column":2},"end":{"line":11,"column":9}}},"fnMap":{"0":{"name":"(anonymous_0)","decl":{"start":{"line":4,"column":27},"end":{"line":4,"column":28}},"loc":{"start":{"line":5,"column":2},"end":{"line":11,"column":9}},"line":5}},"branchMap":{},"s":{"0":2,"1":3},"f":{"0":3},"b":{},"_coverageSchema":"1a1c01bbd47fc00a2c39e90264f33305004495a9","hash":"328671a7df66cc49cf56c09b6e54bc6943e19a97"}
,"/Users/waldothedeveloper/Documents/weginsurance_gatsby/src/components/admin/screen.js": {"path":"/Users/waldothedeveloper/Documents/weginsurance_gatsby/src/components/admin/screen.js","statementMap":{"0":{"start":{"line":3,"column":22},"end":{"line":22,"column":1}},"1":{"start":{"line":4,"column":20},"end":{"line":4,"column":65}},"2":{"start":{"line":4,"column":44},"end":{"line":4,"column":56}},"3":{"start":{"line":6,"column":2},"end":{"line":21,"column":4}},"4":{"start":{"line":24,"column":0},"end":{"line":26,"column":2}}},"fnMap":{"0":{"name":"(anonymous_0)","decl":{"start":{"line":3,"column":22},"end":{"line":3,"column":23}},"loc":{"start":{"line":3,"column":38},"end":{"line":22,"column":1}},"line":3},"1":{"name":"(anonymous_1)","decl":{"start":{"line":4,"column":34},"end":{"line":4,"column":35}},"loc":{"start":{"line":4,"column":44},"end":{"line":4,"column":56}},"line":4}},"branchMap":{},"s":{"0":1,"1":2,"2":6,"3":2,"4":1},"f":{"0":2,"1":6},"b":{},"_coverageSchema":"1a1c01bbd47fc00a2c39e90264f33305004495a9","hash":"526d2b8794f49e789ebab0fd536e2e8031ad6822"}
,"/Users/waldothedeveloper/Documents/weginsurance_gatsby/src/components/admin/switcher.js": {"path":"/Users/waldothedeveloper/Documents/weginsurance_gatsby/src/components/admin/switcher.js","statementMap":{"0":{"start":{"line":5,"column":24},"end":{"line":26,"column":1}},"1":{"start":{"line":6,"column":2},"end":{"line":25,"column":5}},"2":{"start":{"line":8,"column":6},"end":{"line":23,"column":15}},"3":{"start":{"line":10,"column":23},"end":{"line":10,"column":46}},"4":{"start":{"line":28,"column":0},"end":{"line":31,"column":2}}},"fnMap":{"0":{"name":"(anonymous_0)","decl":{"start":{"line":5,"column":24},"end":{"line":5,"column":25}},"loc":{"start":{"line":6,"column":2},"end":{"line":25,"column":5}},"line":6},"1":{"name":"(anonymous_1)","decl":{"start":{"line":7,"column":16},"end":{"line":7,"column":17}},"loc":{"start":{"line":8,"column":6},"end":{"line":23,"column":15}},"line":8},"2":{"name":"(anonymous_2)","decl":{"start":{"line":10,"column":17},"end":{"line":10,"column":18}},"loc":{"start":{"line":10,"column":23},"end":{"line":10,"column":46}},"line":10}},"branchMap":{"0":{"loc":{"start":{"line":12,"column":10},"end":{"line":14,"column":45}},"type":"cond-expr","locations":[{"start":{"line":13,"column":14},"end":{"line":13,"column":37}},{"start":{"line":14,"column":14},"end":{"line":14,"column":45}}],"line":12}},"s":{"0":1,"1":2,"2":6,"3":1,"4":1},"f":{"0":2,"1":6,"2":1},"b":{"0":[2,4]},"_coverageSchema":"1a1c01bbd47fc00a2c39e90264f33305004495a9","hash":"29fa28ebb1e58e8fe954c03948b37cc06eec6a84"}
,"/Users/waldothedeveloper/Documents/weginsurance_gatsby/src/components/authentication/forgotPasswordForm.js": {"path":"/Users/waldothedeveloper/Documents/weginsurance_gatsby/src/components/authentication/forgotPasswordForm.js","statementMap":{"0":{"start":{"line":9,"column":34},"end":{"line":120,"column":1}},"1":{"start":{"line":17,"column":6},"end":{"line":17,"column":25}},"2":{"start":{"line":19,"column":2},"end":{"line":119,"column":4}}},"fnMap":{"0":{"name":"(anonymous_0)","decl":{"start":{"line":9,"column":34},"end":{"line":9,"column":35}},"loc":{"start":{"line":9,"column":40},"end":{"line":120,"column":1}},"line":9}},"branchMap":{"0":{"loc":{"start":{"line":21,"column":7},"end":{"line":27,"column":7}},"type":"binary-expr","locations":[{"start":{"line":21,"column":7},"end":{"line":21,"column":17}},{"start":{"line":22,"column":8},"end":{"line":26,"column":10}}],"line":21},"1":{"loc":{"start":{"line":23,"column":16},"end":{"line":23,"column":45}},"type":"cond-expr","locations":[{"start":{"line":23,"column":29},"end":{"line":23,"column":36}},{"start":{"line":23,"column":39},"end":{"line":23,"column":45}}],"line":23},"2":{"loc":{"start":{"line":60,"column":25},"end":{"line":60,"column":36}},"type":"binary-expr","locations":[{"start":{"line":60,"column":25},"end":{"line":60,"column":30}},{"start":{"line":60,"column":34},"end":{"line":60,"column":36}}],"line":60},"3":{"loc":{"start":{"line":66,"column":20},"end":{"line":68,"column":199}},"type":"cond-expr","locations":[{"start":{"line":67,"column":24},"end":{"line":67,"column":210}},{"start":{"line":68,"column":24},"end":{"line":68,"column":199}}],"line":66},"4":{"loc":{"start":{"line":66,"column":20},"end":{"line":66,"column":56}},"type":"binary-expr","locations":[{"start":{"line":66,"column":20},"end":{"line":66,"column":36}},{"start":{"line":66,"column":40},"end":{"line":66,"column":56}}],"line":66},"5":{"loc":{"start":{"line":72,"column":19},"end":{"line":72,"column":75}},"type":"binary-expr","locations":[{"start":{"line":72,"column":19},"end":{"line":72,"column":35}},{"start":{"line":72,"column":39},"end":{"line":72,"column":55}},{"start":{"line":72,"column":59},"end":{"line":72,"column":75}}],"line":72},"6":{"loc":{"start":{"line":80,"column":26},"end":{"line":80,"column":51}},"type":"binary-expr","locations":[{"start":{"line":80,"column":26},"end":{"line":80,"column":42}},{"start":{"line":80,"column":46},"end":{"line":80,"column":51}}],"line":80},"7":{"loc":{"start":{"line":83,"column":18},"end":{"line":85,"column":242}},"type":"cond-expr","locations":[{"start":{"line":84,"column":22},"end":{"line":84,"column":228}},{"start":{"line":85,"column":22},"end":{"line":85,"column":242}}],"line":83},"8":{"loc":{"start":{"line":89,"column":19},"end":{"line":99,"column":19}},"type":"cond-expr","locations":[{"start":{"line":90,"column":20},"end":{"line":93,"column":22}},{"start":{"line":95,"column":20},"end":{"line":98,"column":22}}],"line":89}},"s":{"0":1,"1":74,"2":74},"f":{"0":74},"b":{"0":[74,0],"1":[0,0],"2":[74,10],"3":[61,13],"4":[74,66],"5":[74,66,61],"6":[74,5],"7":[66,8],"8":[66,8]},"_coverageSchema":"1a1c01bbd47fc00a2c39e90264f33305004495a9","hash":"7d1e083776e601b7d94cc40cf33ff8d70970d483"}
,"/Users/waldothedeveloper/Documents/weginsurance_gatsby/src/components/chat/all.js": {"path":"/Users/waldothedeveloper/Documents/weginsurance_gatsby/src/components/chat/all.js","statementMap":{"0":{"start":{"line":3,"column":20},"end":{"line":7,"column":1}},"1":{"start":{"line":4,"column":2},"end":{"line":6,"column":8}}},"fnMap":{"0":{"name":"(anonymous_0)","decl":{"start":{"line":3,"column":20},"end":{"line":3,"column":21}},"loc":{"start":{"line":4,"column":2},"end":{"line":6,"column":8}},"line":4}},"branchMap":{},"s":{"0":2,"1":0},"f":{"0":0},"b":{},"_coverageSchema":"1a1c01bbd47fc00a2c39e90264f33305004495a9","hash":"4447fd5658b6d05ca962156010ea274ae7969275"}
,"/Users/waldothedeveloper/Documents/weginsurance_gatsby/src/components/shared/auth.js": {"path":"/Users/waldothedeveloper/Documents/weginsurance_gatsby/src/components/shared/auth.js","statementMap":{"0":{"start":{"line":7,"column":13},"end":{"line":7,"column":25}},"1":{"start":{"line":9,"column":27},"end":{"line":9,"column":42}},"2":{"start":{"line":11,"column":35},"end":{"line":28,"column":1}},"3":{"start":{"line":12,"column":26},"end":{"line":12,"column":40}},"4":{"start":{"line":13,"column":32},"end":{"line":13,"column":46}},"5":{"start":{"line":15,"column":2},"end":{"line":26,"column":9}},"6":{"start":{"line":16,"column":24},"end":{"line":24,"column":6}},"7":{"start":{"line":17,"column":6},"end":{"line":17,"column":23}},"8":{"start":{"line":18,"column":6},"end":{"line":23,"column":7}},"9":{"start":{"line":19,"column":8},"end":{"line":19,"column":22}},"10":{"start":{"line":20,"column":8},"end":{"line":20,"column":26}},"11":{"start":{"line":22,"column":8},"end":{"line":22,"column":26}},"12":{"start":{"line":25,"column":4},"end":{"line":25,"column":31}},"13":{"start":{"line":25,"column":17},"end":{"line":25,"column":30}},"14":{"start":{"line":27,"column":2},"end":{"line":27,"column":71}},"15":{"start":{"line":30,"column":28},"end":{"line":37,"column":1}},"16":{"start":{"line":31,"column":18},"end":{"line":31,"column":41}},"17":{"start":{"line":33,"column":2},"end":{"line":35,"column":3}},"18":{"start":{"line":34,"column":4},"end":{"line":34,"column":79}},"19":{"start":{"line":36,"column":2},"end":{"line":36,"column":64}},"20":{"start":{"line":39,"column":22},"end":{"line":46,"column":6}},"21":{"start":{"line":40,"column":2},"end":{"line":46,"column":6}},"22":{"start":{"line":42,"column":6},"end":{"line":42,"column":30}},"23":{"start":{"line":45,"column":6},"end":{"line":45,"column":48}}},"fnMap":{"0":{"name":"(anonymous_0)","decl":{"start":{"line":11,"column":35},"end":{"line":11,"column":36}},"loc":{"start":{"line":11,"column":46},"end":{"line":28,"column":1}},"line":11},"1":{"name":"(anonymous_1)","decl":{"start":{"line":15,"column":12},"end":{"line":15,"column":13}},"loc":{"start":{"line":15,"column":18},"end":{"line":26,"column":3}},"line":15},"2":{"name":"(anonymous_2)","decl":{"start":{"line":16,"column":49},"end":{"line":16,"column":50}},"loc":{"start":{"line":16,"column":59},"end":{"line":24,"column":5}},"line":16},"3":{"name":"(anonymous_3)","decl":{"start":{"line":25,"column":11},"end":{"line":25,"column":12}},"loc":{"start":{"line":25,"column":17},"end":{"line":25,"column":30}},"line":25},"4":{"name":"(anonymous_4)","decl":{"start":{"line":30,"column":28},"end":{"line":30,"column":29}},"loc":{"start":{"line":30,"column":34},"end":{"line":37,"column":1}},"line":30},"5":{"name":"(anonymous_5)","decl":{"start":{"line":39,"column":22},"end":{"line":39,"column":23}},"loc":{"start":{"line":40,"column":2},"end":{"line":46,"column":6}},"line":40},"6":{"name":"(anonymous_6)","decl":{"start":{"line":41,"column":10},"end":{"line":41,"column":11}},"loc":{"start":{"line":41,"column":16},"end":{"line":43,"column":5}},"line":41},"7":{"name":"(anonymous_7)","decl":{"start":{"line":44,"column":11},"end":{"line":44,"column":12}},"loc":{"start":{"line":44,"column":22},"end":{"line":46,"column":5}},"line":44}},"branchMap":{"0":{"loc":{"start":{"line":18,"column":6},"end":{"line":23,"column":7}},"type":"if","locations":[{"start":{"line":18,"column":6},"end":{"line":23,"column":7}},{"start":{"line":21,"column":13},"end":{"line":23,"column":7}}],"line":18},"1":{"loc":{"start":{"line":33,"column":2},"end":{"line":35,"column":3}},"type":"if","locations":[{"start":{"line":33,"column":2},"end":{"line":35,"column":3}},{"start":{},"end":{}}],"line":33}},"s":{"0":1,"1":1,"2":1,"3":2,"4":2,"5":2,"6":1,"7":1,"8":1,"9":0,"10":0,"11":1,"12":1,"13":1,"14":2,"15":1,"16":2,"17":2,"18":0,"19":2,"20":1,"21":0,"22":0,"23":0},"f":{"0":2,"1":1,"2":1,"3":1,"4":2,"5":0,"6":0,"7":0},"b":{"0":[0,1],"1":[0,2]},"_coverageSchema":"1a1c01bbd47fc00a2c39e90264f33305004495a9","hash":"1e1b4989d940c6c8ca00d6eff794f9f0d6619e2e"}
,"/Users/waldothedeveloper/Documents/weginsurance_gatsby/src/components/shared/banner.js": {"path":"/Users/waldothedeveloper/Documents/weginsurance_gatsby/src/components/shared/banner.js","statementMap":{"0":{"start":{"line":14,"column":25},"end":{"line":18,"column":1}},"1":{"start":{"line":19,"column":22},"end":{"line":90,"column":1}},"2":{"start":{"line":20,"column":30},"end":{"line":20,"column":45}},"3":{"start":{"line":22,"column":2},"end":{"line":30,"column":16}},"4":{"start":{"line":23,"column":4},"end":{"line":29,"column":5}},"5":{"start":{"line":24,"column":6},"end":{"line":24,"column":22}},"6":{"start":{"line":33,"column":2},"end":{"line":89,"column":4}},"7":{"start":{"line":68,"column":18},"end":{"line":68,"column":37}},"8":{"start":{"line":69,"column":18},"end":{"line":69,"column":35}},"9":{"start":{"line":91,"column":0},"end":{"line":95,"column":2}}},"fnMap":{"0":{"name":"(anonymous_0)","decl":{"start":{"line":19,"column":22},"end":{"line":19,"column":23}},"loc":{"start":{"line":19,"column":68},"end":{"line":90,"column":1}},"line":19},"1":{"name":"(anonymous_1)","decl":{"start":{"line":22,"column":12},"end":{"line":22,"column":13}},"loc":{"start":{"line":22,"column":18},"end":{"line":30,"column":3}},"line":22},"2":{"name":"(anonymous_2)","decl":{"start":{"line":67,"column":25},"end":{"line":67,"column":26}},"loc":{"start":{"line":67,"column":31},"end":{"line":70,"column":17}},"line":67}},"branchMap":{"0":{"loc":{"start":{"line":19,"column":25},"end":{"line":19,"column":36}},"type":"default-arg","locations":[{"start":{"line":19,"column":32},"end":{"line":19,"column":36}}],"line":19},"1":{"loc":{"start":{"line":23,"column":4},"end":{"line":29,"column":5}},"type":"if","locations":[{"start":{"line":23,"column":4},"end":{"line":29,"column":5}},{"start":{},"end":{}}],"line":23},"2":{"loc":{"start":{"line":34,"column":4},"end":{"line":88,"column":5}},"type":"binary-expr","locations":[{"start":{"line":34,"column":4},"end":{"line":34,"column":17}},{"start":{"line":35,"column":6},"end":{"line":87,"column":19}}],"line":34},"3":{"loc":{"start":{"line":50,"column":17},"end":{"line":60,"column":17}},"type":"cond-expr","locations":[{"start":{"line":51,"column":18},"end":{"line":54,"column":20}},{"start":{"line":56,"column":18},"end":{"line":59,"column":20}}],"line":50},"4":{"loc":{"start":{"line":73,"column":18},"end":{"line":77,"column":40}},"type":"cond-expr","locations":[{"start":{"line":74,"column":22},"end":{"line":74,"column":43}},{"start":{"line":75,"column":22},"end":{"line":77,"column":40}}],"line":73},"5":{"loc":{"start":{"line":75,"column":22},"end":{"line":77,"column":40}},"type":"cond-expr","locations":[{"start":{"line":76,"column":22},"end":{"line":76,"column":40}},{"start":{"line":77,"column":22},"end":{"line":77,"column":40}}],"line":75}},"s":{"0":2,"1":2,"2":8,"3":8,"4":4,"5":3,"6":8,"7":1,"8":1,"9":2},"f":{"0":8,"1":4,"2":1},"b":{"0":[1],"1":[3,1],"2":[8,7],"3":[5,2],"4":[2,5],"5":[5,0]},"_coverageSchema":"1a1c01bbd47fc00a2c39e90264f33305004495a9","hash":"d061f173461878e7123633b87a02feb13ba44e76"}
,"/Users/waldothedeveloper/Documents/weginsurance_gatsby/src/components/shared/loader.js": {"path":"/Users/waldothedeveloper/Documents/weginsurance_gatsby/src/components/shared/loader.js","statementMap":{"0":{"start":{"line":3,"column":22},"end":{"line":38,"column":1}},"1":{"start":{"line":4,"column":2},"end":{"line":37,"column":8}}},"fnMap":{"0":{"name":"(anonymous_0)","decl":{"start":{"line":3,"column":22},"end":{"line":3,"column":23}},"loc":{"start":{"line":4,"column":2},"end":{"line":37,"column":8}},"line":4}},"branchMap":{},"s":{"0":2,"1":2},"f":{"0":2},"b":{},"_coverageSchema":"1a1c01bbd47fc00a2c39e90264f33305004495a9","hash":"43fb6f72fb0e6a39695d193b44c32fd1bacc775b"}
,"/Users/waldothedeveloper/Documents/weginsurance_gatsby/src/components/shared/privateRoute.js": {"path":"/Users/waldothedeveloper/Documents/weginsurance_gatsby/src/components/shared/privateRoute.js","statementMap":{"0":{"start":{"line":8,"column":21},"end":{"line":20,"column":1}},"1":{"start":{"line":9,"column":39},"end":{"line":9,"column":53}},"2":{"start":{"line":11,"column":2},"end":{"line":13,"column":3}},"3":{"start":{"line":12,"column":4},"end":{"line":12,"column":28}},"4":{"start":{"line":15,"column":2},"end":{"line":19,"column":3}},"5":{"start":{"line":16,"column":4},"end":{"line":16,"column":22}},"6":{"start":{"line":18,"column":4},"end":{"line":18,"column":36}},"7":{"start":{"line":23,"column":0},"end":{"line":25,"column":2}}},"fnMap":{"0":{"name":"(anonymous_0)","decl":{"start":{"line":8,"column":21},"end":{"line":8,"column":22}},"loc":{"start":{"line":8,"column":61},"end":{"line":20,"column":1}},"line":8}},"branchMap":{"0":{"loc":{"start":{"line":11,"column":2},"end":{"line":13,"column":3}},"type":"if","locations":[{"start":{"line":11,"column":2},"end":{"line":13,"column":3}},{"start":{},"end":{}}],"line":11},"1":{"loc":{"start":{"line":11,"column":6},"end":{"line":11,"column":47}},"type":"binary-expr","locations":[{"start":{"line":11,"column":6},"end":{"line":11,"column":15}},{"start":{"line":11,"column":19},"end":{"line":11,"column":35}},{"start":{"line":11,"column":39},"end":{"line":11,"column":47}}],"line":11},"2":{"loc":{"start":{"line":15,"column":2},"end":{"line":19,"column":3}},"type":"if","locations":[{"start":{"line":15,"column":2},"end":{"line":19,"column":3}},{"start":{"line":17,"column":9},"end":{"line":19,"column":3}}],"line":15}},"s":{"0":1,"1":2,"2":2,"3":1,"4":2,"5":1,"6":1,"7":1},"f":{"0":2},"b":{"0":[1,1],"1":[2,2,2],"2":[1,1]},"_coverageSchema":"1a1c01bbd47fc00a2c39e90264f33305004495a9","hash":"3c13f785fb94e5e66d9712163552f67182d8393b"}
,"/Users/waldothedeveloper/Documents/weginsurance_gatsby/src/components/statistics/all.js": {"path":"/Users/waldothedeveloper/Documents/weginsurance_gatsby/src/components/statistics/all.js","statementMap":{"0":{"start":{"line":3,"column":26},"end":{"line":3,"column":75}},"1":{"start":{"line":3,"column":32},"end":{"line":3,"column":75}}},"fnMap":{"0":{"name":"(anonymous_0)","decl":{"start":{"line":3,"column":26},"end":{"line":3,"column":27}},"loc":{"start":{"line":3,"column":32},"end":{"line":3,"column":75}},"line":3}},"branchMap":{},"s":{"0":2,"1":2},"f":{"0":2},"b":{},"_coverageSchema":"1a1c01bbd47fc00a2c39e90264f33305004495a9","hash":"5b3f55eb9fff5db5957c7c5499b52f7d3bf72ac6"}
,"/Users/waldothedeveloper/Documents/weginsurance_gatsby/src/components/users/form.js": {"path":"/Users/waldothedeveloper/Documents/weginsurance_gatsby/src/components/users/form.js","statementMap":{"0":{"start":{"line":2,"column":25},"end":{"line":444,"column":1}},"1":{"start":{"line":3,"column":2},"end":{"line":443,"column":9}}},"fnMap":{"0":{"name":"(anonymous_0)","decl":{"start":{"line":2,"column":25},"end":{"line":2,"column":26}},"loc":{"start":{"line":3,"column":2},"end":{"line":443,"column":9}},"line":3}},"branchMap":{},"s":{"0":2,"1":0},"f":{"0":0},"b":{},"_coverageSchema":"1a1c01bbd47fc00a2c39e90264f33305004495a9","hash":"744a557bbd3cd6912d9219d9109982439c36332b"}
,"/Users/waldothedeveloper/Documents/weginsurance_gatsby/src/components/users/screen.js": {"path":"/Users/waldothedeveloper/Documents/weginsurance_gatsby/src/components/users/screen.js","statementMap":{"0":{"start":{"line":4,"column":27},"end":{"line":17,"column":1}},"1":{"start":{"line":5,"column":2},"end":{"line":16,"column":8}}},"fnMap":{"0":{"name":"(anonymous_0)","decl":{"start":{"line":4,"column":27},"end":{"line":4,"column":28}},"loc":{"start":{"line":5,"column":2},"end":{"line":16,"column":8}},"line":5}},"branchMap":{},"s":{"0":2,"1":0},"f":{"0":0},"b":{},"_coverageSchema":"1a1c01bbd47fc00a2c39e90264f33305004495a9","hash":"537a9a5dc162acc1000f608eb19f35496153a5fe"}
,"/Users/waldothedeveloper/Documents/weginsurance_gatsby/src/components/users/usersDictionary.js": {"path":"/Users/waldothedeveloper/Documents/weginsurance_gatsby/src/components/users/usersDictionary.js","statementMap":{"0":{"start":{"line":2,"column":18},"end":{"line":179,"column":1}},"1":{"start":{"line":181,"column":31},"end":{"line":218,"column":1}},"2":{"start":{"line":182,"column":2},"end":{"line":217,"column":8}},"3":{"start":{"line":184,"column":6},"end":{"line":215,"column":12}},"4":{"start":{"line":190,"column":12},"end":{"line":212,"column":17}}},"fnMap":{"0":{"name":"(anonymous_0)","decl":{"start":{"line":181,"column":31},"end":{"line":181,"column":32}},"loc":{"start":{"line":182,"column":2},"end":{"line":217,"column":8}},"line":182},"1":{"name":"(anonymous_1)","decl":{"start":{"line":183,"column":32},"end":{"line":183,"column":33}},"loc":{"start":{"line":184,"column":6},"end":{"line":215,"column":12}},"line":184},"2":{"name":"(anonymous_2)","decl":{"start":{"line":189,"column":33},"end":{"line":189,"column":34}},"loc":{"start":{"line":190,"column":12},"end":{"line":212,"column":17}},"line":190}},"branchMap":{},"s":{"0":2,"1":2,"2":0,"3":0,"4":0},"f":{"0":0,"1":0,"2":0},"b":{},"_coverageSchema":"1a1c01bbd47fc00a2c39e90264f33305004495a9","hash":"d577aa83cc2106d3e9a6c1654b6d95052197ccb9"}
,"/Users/waldothedeveloper/Documents/weginsurance_gatsby/src/hooks/authentication/useForgotPassword.js": {"path":"/Users/waldothedeveloper/Documents/weginsurance_gatsby/src/hooks/authentication/useForgotPassword.js","statementMap":{"0":{"start":{"line":8,"column":13},"end":{"line":8,"column":25}},"1":{"start":{"line":9,"column":0},"end":{"line":9,"column":25}},"2":{"start":{"line":11,"column":33},"end":{"line":68,"column":1}},"3":{"start":{"line":12,"column":28},"end":{"line":12,"column":40}},"4":{"start":{"line":13,"column":50},"end":{"line":13,"column":64}},"5":{"start":{"line":14,"column":38},"end":{"line":14,"column":50}},"6":{"start":{"line":16,"column":2},"end":{"line":24,"column":14}},"7":{"start":{"line":17,"column":4},"end":{"line":23,"column":5}},"8":{"start":{"line":18,"column":6},"end":{"line":20,"column":8}},"9":{"start":{"line":22,"column":6},"end":{"line":22,"column":30}},"10":{"start":{"line":26,"column":23},"end":{"line":32,"column":3}},"11":{"start":{"line":27,"column":28},"end":{"line":27,"column":40}},"12":{"start":{"line":29,"column":4},"end":{"line":31,"column":5}},"13":{"start":{"line":30,"column":6},"end":{"line":30,"column":22}},"14":{"start":{"line":34,"column":23},"end":{"line":58,"column":3}},"15":{"start":{"line":35,"column":4},"end":{"line":35,"column":38}},"16":{"start":{"line":35,"column":15},"end":{"line":35,"column":38}},"17":{"start":{"line":38,"column":4},"end":{"line":57,"column":9}},"18":{"start":{"line":41,"column":8},"end":{"line":41,"column":79}},"19":{"start":{"line":44,"column":25},"end":{"line":44,"column":30}},"20":{"start":{"line":46,"column":8},"end":{"line":56,"column":9}},"21":{"start":{"line":48,"column":12},"end":{"line":48,"column":78}},"22":{"start":{"line":48,"column":32},"end":{"line":48,"column":76}},"23":{"start":{"line":49,"column":12},"end":{"line":49,"column":18}},"24":{"start":{"line":51,"column":12},"end":{"line":54,"column":14}},"25":{"start":{"line":53,"column":16},"end":{"line":53,"column":80}},"26":{"start":{"line":55,"column":12},"end":{"line":55,"column":18}},"27":{"start":{"line":60,"column":2},"end":{"line":67,"column":4}}},"fnMap":{"0":{"name":"(anonymous_0)","decl":{"start":{"line":11,"column":33},"end":{"line":11,"column":34}},"loc":{"start":{"line":11,"column":39},"end":{"line":68,"column":1}},"line":11},"1":{"name":"(anonymous_1)","decl":{"start":{"line":16,"column":12},"end":{"line":16,"column":13}},"loc":{"start":{"line":16,"column":18},"end":{"line":24,"column":3}},"line":16},"2":{"name":"(anonymous_2)","decl":{"start":{"line":26,"column":23},"end":{"line":26,"column":24}},"loc":{"start":{"line":26,"column":34},"end":{"line":32,"column":3}},"line":26},"3":{"name":"(anonymous_3)","decl":{"start":{"line":34,"column":23},"end":{"line":34,"column":24}},"loc":{"start":{"line":34,"column":34},"end":{"line":58,"column":3}},"line":34},"4":{"name":"(anonymous_4)","decl":{"start":{"line":39,"column":12},"end":{"line":39,"column":13}},"loc":{"start":{"line":39,"column":18},"end":{"line":42,"column":7}},"line":39},"5":{"name":"(anonymous_5)","decl":{"start":{"line":43,"column":13},"end":{"line":43,"column":14}},"loc":{"start":{"line":43,"column":24},"end":{"line":57,"column":7}},"line":43},"6":{"name":"(anonymous_6)","decl":{"start":{"line":48,"column":26},"end":{"line":48,"column":27}},"loc":{"start":{"line":48,"column":32},"end":{"line":48,"column":76}},"line":48},"7":{"name":"(anonymous_7)","decl":{"start":{"line":52,"column":14},"end":{"line":52,"column":15}},"loc":{"start":{"line":53,"column":16},"end":{"line":53,"column":80}},"line":53}},"branchMap":{"0":{"loc":{"start":{"line":17,"column":4},"end":{"line":23,"column":5}},"type":"if","locations":[{"start":{"line":17,"column":4},"end":{"line":23,"column":5}},{"start":{"line":21,"column":11},"end":{"line":23,"column":5}}],"line":17},"1":{"loc":{"start":{"line":29,"column":4},"end":{"line":31,"column":5}},"type":"if","locations":[{"start":{"line":29,"column":4},"end":{"line":31,"column":5}},{"start":{},"end":{}}],"line":29},"2":{"loc":{"start":{"line":35,"column":4},"end":{"line":35,"column":38}},"type":"if","locations":[{"start":{"line":35,"column":4},"end":{"line":35,"column":38}},{"start":{},"end":{}}],"line":35},"3":{"loc":{"start":{"line":46,"column":8},"end":{"line":56,"column":9}},"type":"switch","locations":[{"start":{"line":47,"column":10},"end":{"line":49,"column":18}},{"start":{"line":50,"column":10},"end":{"line":55,"column":18}}],"line":46}},"s":{"0":1,"1":1,"2":1,"3":74,"4":74,"5":74,"6":74,"7":37,"8":35,"9":2,"10":74,"11":32,"12":32,"13":32,"14":74,"15":0,"16":0,"17":0,"18":0,"19":0,"20":0,"21":0,"22":0,"23":0,"24":0,"25":0,"26":0,"27":74},"f":{"0":74,"1":37,"2":32,"3":0,"4":0,"5":0,"6":0,"7":0},"b":{"0":[35,2],"1":[32,0],"2":[0,0],"3":[0,0]},"_coverageSchema":"1a1c01bbd47fc00a2c39e90264f33305004495a9","hash":"b3ce565e7ee9fe1e0fe05f06221971abf9b5c035"}
,"/Users/waldothedeveloper/Documents/weginsurance_gatsby/src/hooks/authentication/validateEmailHelper.js": {"path":"/Users/waldothedeveloper/Documents/weginsurance_gatsby/src/hooks/authentication/validateEmailHelper.js","statementMap":{"0":{"start":{"line":2,"column":31},"end":{"line":4,"column":1}}},"fnMap":{},"branchMap":{},"s":{"0":2},"f":{},"b":{},"_coverageSchema":"1a1c01bbd47fc00a2c39e90264f33305004495a9","hash":"d4d60e5f3aca60f30e0c10c14d8a99b3a71b6ac5"}
,"/Users/waldothedeveloper/Documents/weginsurance_gatsby/src/pages/auth/email_sent_successfully.js": {"path":"/Users/waldothedeveloper/Documents/weginsurance_gatsby/src/pages/auth/email_sent_successfully.js","statementMap":{"0":{"start":{"line":5,"column":20},"end":{"line":5,"column":69}},"1":{"start":{"line":7,"column":2},"end":{"line":71,"column":4}},"2":{"start":{"line":74,"column":0},"end":{"line":76,"column":2}}},"fnMap":{"0":{"name":"EmailSentSuccessfully","decl":{"start":{"line":4,"column":24},"end":{"line":4,"column":45}},"loc":{"start":{"line":4,"column":60},"end":{"line":72,"column":1}},"line":4}},"branchMap":{"0":{"loc":{"start":{"line":5,"column":20},"end":{"line":5,"column":69}},"type":"binary-expr","locations":[{"start":{"line":5,"column":20},"end":{"line":5,"column":34}},{"start":{"line":5,"column":38},"end":{"line":5,"column":69}}],"line":5},"1":{"loc":{"start":{"line":14,"column":16},"end":{"line":16,"column":70}},"type":"cond-expr","locations":[{"start":{"line":15,"column":20},"end":{"line":15,"column":70}},{"start":{"line":16,"column":20},"end":{"line":16,"column":70}}],"line":14},"2":{"loc":{"start":{"line":19,"column":15},"end":{"line":19,"column":57}},"type":"cond-expr","locations":[{"start":{"line":19,"column":48},"end":{"line":19,"column":51}},{"start":{"line":19,"column":54},"end":{"line":19,"column":57}}],"line":19},"3":{"loc":{"start":{"line":25,"column":20},"end":{"line":27,"column":90}},"type":"cond-expr","locations":[{"start":{"line":26,"column":24},"end":{"line":26,"column":89}},{"start":{"line":27,"column":24},"end":{"line":27,"column":90}}],"line":25},"4":{"loc":{"start":{"line":30,"column":19},"end":{"line":32,"column":49}},"type":"cond-expr","locations":[{"start":{"line":31,"column":22},"end":{"line":31,"column":30}},{"start":{"line":32,"column":22},"end":{"line":32,"column":49}}],"line":30},"5":{"loc":{"start":{"line":34,"column":17},"end":{"line":44,"column":17}},"type":"cond-expr","locations":[{"start":{"line":35,"column":18},"end":{"line":37,"column":22}},{"start":{"line":39,"column":18},"end":{"line":43,"column":22}}],"line":34},"6":{"loc":{"start":{"line":54,"column":17},"end":{"line":64,"column":17}},"type":"cond-expr","locations":[{"start":{"line":54,"column":50},"end":{"line":54,"column":54}},{"start":{"line":55,"column":18},"end":{"line":63,"column":22}}],"line":54}},"s":{"0":4,"1":4,"2":1},"f":{"0":4},"b":{"0":[4,0],"1":[1,3],"2":[1,3],"3":[1,3],"4":[1,3],"5":[1,3],"6":[1,3]},"_coverageSchema":"1a1c01bbd47fc00a2c39e90264f33305004495a9","hash":"e5e7503b9ec460075c9699dac938e9a63f57ded1"}
,"/Users/waldothedeveloper/Documents/weginsurance_gatsby/src/utils/classNames.js": {"path":"/Users/waldothedeveloper/Documents/weginsurance_gatsby/src/utils/classNames.js","statementMap":{"0":{"start":{"line":1,"column":26},"end":{"line":1,"column":75}},"1":{"start":{"line":1,"column":42},"end":{"line":1,"column":75}}},"fnMap":{"0":{"name":"(anonymous_0)","decl":{"start":{"line":1,"column":26},"end":{"line":1,"column":27}},"loc":{"start":{"line":1,"column":42},"end":{"line":1,"column":75}},"line":1}},"branchMap":{},"s":{"0":3,"1":13},"f":{"0":13},"b":{},"_coverageSchema":"1a1c01bbd47fc00a2c39e90264f33305004495a9","hash":"d2a0aaed17a3ccff6c2ee2d032d3aa0bca783679"}
,"/Users/waldothedeveloper/Documents/weginsurance_gatsby/src/utils/firebaseConfig.js": {"path":"/Users/waldothedeveloper/Documents/weginsurance_gatsby/src/utils/firebaseConfig.js","statementMap":{"0":{"start":{"line":3,"column":23},"end":{"line":11,"column":1}},"1":{"start":{"line":13,"column":25},"end":{"line":13,"column":54}},"2":{"start":{"line":15,"column":19},"end":{"line":15,"column":65}}},"fnMap":{},"branchMap":{"0":{"loc":{"start":{"line":15,"column":19},"end":{"line":15,"column":65}},"type":"cond-expr","locations":[{"start":{"line":15,"column":31},"end":{"line":15,"column":60}},{"start":{"line":15,"column":63},"end":{"line":15,"column":65}}],"line":15}},"s":{"0":2,"1":2,"2":2},"f":{},"b":{"0":[2,0]},"_coverageSchema":"1a1c01bbd47fc00a2c39e90264f33305004495a9","hash":"8eb16e890f81f39dddedcf81c140daeeb2a5693f"}
}
