{"/Users/waldothedeveloper/Documents/weginsurance_gatsby/src/components/landingPage.js": {"path":"/Users/waldothedeveloper/Documents/weginsurance_gatsby/src/components/landingPage.js","statementMap":{"0":{"start":{"line":7,"column":20},"end":{"line":134,"column":1}},"1":{"start":{"line":8,"column":2},"end":{"line":133,"column":8}}},"fnMap":{"0":{"name":"(anonymous_0)","decl":{"start":{"line":7,"column":20},"end":{"line":7,"column":21}},"loc":{"start":{"line":8,"column":2},"end":{"line":133,"column":8}},"line":8}},"branchMap":{},"s":{"0":1,"1":2},"f":{"0":2},"b":{},"_coverageSchema":"1a1c01bbd47fc00a2c39e90264f33305004495a9","hash":"5f54fc0e25d04842bb0edc54ad02dae836941ac5"}
,"/Users/waldothedeveloper/Documents/weginsurance_gatsby/src/components/layout.js": {"path":"/Users/waldothedeveloper/Documents/weginsurance_gatsby/src/components/layout.js","statementMap":{"0":{"start":{"line":4,"column":2},"end":{"line":4,"column":31}},"1":{"start":{"line":7,"column":0},"end":{"line":9,"column":2}}},"fnMap":{"0":{"name":"Layout","decl":{"start":{"line":3,"column":24},"end":{"line":3,"column":30}},"loc":{"start":{"line":3,"column":45},"end":{"line":5,"column":1}},"line":3}},"branchMap":{},"s":{"0":2,"1":1},"f":{"0":2},"b":{},"_coverageSchema":"1a1c01bbd47fc00a2c39e90264f33305004495a9","hash":"e6be70c7c3d3a14bfbf21566242689f0663d1b22"}
,"/Users/waldothedeveloper/Documents/weginsurance_gatsby/src/components/loginButton.js": {"path":"/Users/waldothedeveloper/Documents/weginsurance_gatsby/src/components/loginButton.js","statementMap":{"0":{"start":{"line":4,"column":27},"end":{"line":12,"column":1}},"1":{"start":{"line":5,"column":2},"end":{"line":11,"column":9}}},"fnMap":{"0":{"name":"(anonymous_0)","decl":{"start":{"line":4,"column":27},"end":{"line":4,"column":28}},"loc":{"start":{"line":5,"column":2},"end":{"line":11,"column":9}},"line":5}},"branchMap":{},"s":{"0":2,"1":3},"f":{"0":3},"b":{},"_coverageSchema":"1a1c01bbd47fc00a2c39e90264f33305004495a9","hash":"328671a7df66cc49cf56c09b6e54bc6943e19a97"}
,"/Users/waldothedeveloper/Documents/weginsurance_gatsby/src/components/notifications.js": {"path":"/Users/waldothedeveloper/Documents/weginsurance_gatsby/src/components/notifications.js","statementMap":{"0":{"start":{"line":9,"column":17},"end":{"line":12,"column":1}},"1":{"start":{"line":14,"column":22},"end":{"line":80,"column":1}},"2":{"start":{"line":19,"column":2},"end":{"line":79,"column":5}},"3":{"start":{"line":66,"column":22},"end":{"line":66,"column":54}},"4":{"start":{"line":83,"column":0},"end":{"line":87,"column":2}}},"fnMap":{"0":{"name":"(anonymous_0)","decl":{"start":{"line":14,"column":22},"end":{"line":14,"column":23}},"loc":{"start":{"line":19,"column":2},"end":{"line":79,"column":5}},"line":19},"1":{"name":"(anonymous_1)","decl":{"start":{"line":65,"column":29},"end":{"line":65,"column":30}},"loc":{"start":{"line":65,"column":35},"end":{"line":67,"column":21}},"line":65}},"branchMap":{"0":{"loc":{"start":{"line":39,"column":21},"end":{"line":39,"column":62}},"type":"cond-expr","locations":[{"start":{"line":39,"column":45},"end":{"line":39,"column":51}},{"start":{"line":39,"column":54},"end":{"line":39,"column":62}}],"line":39}},"s":{"0":2,"1":2,"2":4,"3":1,"4":2},"f":{"0":4,"1":1},"b":{"0":[3,1]},"_coverageSchema":"1a1c01bbd47fc00a2c39e90264f33305004495a9","hash":"ddbc3c827ec128e797d1e52230f4b63fee540661"}
,"/Users/waldothedeveloper/Documents/weginsurance_gatsby/src/components/authentication/forgotPasswordForm.js": {"path":"/Users/waldothedeveloper/Documents/weginsurance_gatsby/src/components/authentication/forgotPasswordForm.js","statementMap":{"0":{"start":{"line":9,"column":34},"end":{"line":119,"column":1}},"1":{"start":{"line":18,"column":6},"end":{"line":18,"column":25}},"2":{"start":{"line":19,"column":2},"end":{"line":118,"column":4}}},"fnMap":{"0":{"name":"(anonymous_0)","decl":{"start":{"line":9,"column":34},"end":{"line":9,"column":35}},"loc":{"start":{"line":9,"column":40},"end":{"line":119,"column":1}},"line":9}},"branchMap":{"0":{"loc":{"start":{"line":52,"column":25},"end":{"line":52,"column":36}},"type":"binary-expr","locations":[{"start":{"line":52,"column":25},"end":{"line":52,"column":30}},{"start":{"line":52,"column":34},"end":{"line":52,"column":36}}],"line":52},"1":{"loc":{"start":{"line":58,"column":20},"end":{"line":60,"column":199}},"type":"cond-expr","locations":[{"start":{"line":59,"column":24},"end":{"line":59,"column":210}},{"start":{"line":60,"column":24},"end":{"line":60,"column":199}}],"line":58},"2":{"loc":{"start":{"line":58,"column":20},"end":{"line":58,"column":45}},"type":"binary-expr","locations":[{"start":{"line":58,"column":20},"end":{"line":58,"column":25}},{"start":{"line":58,"column":29},"end":{"line":58,"column":45}}],"line":58},"3":{"loc":{"start":{"line":64,"column":19},"end":{"line":64,"column":53}},"type":"binary-expr","locations":[{"start":{"line":64,"column":19},"end":{"line":64,"column":24}},{"start":{"line":64,"column":28},"end":{"line":64,"column":44}},{"start":{"line":64,"column":48},"end":{"line":64,"column":53}}],"line":64},"4":{"loc":{"start":{"line":72,"column":26},"end":{"line":72,"column":40}},"type":"binary-expr","locations":[{"start":{"line":72,"column":26},"end":{"line":72,"column":31}},{"start":{"line":72,"column":35},"end":{"line":72,"column":40}}],"line":72},"5":{"loc":{"start":{"line":75,"column":18},"end":{"line":77,"column":242}},"type":"cond-expr","locations":[{"start":{"line":76,"column":22},"end":{"line":76,"column":228}},{"start":{"line":77,"column":22},"end":{"line":77,"column":242}}],"line":75},"6":{"loc":{"start":{"line":81,"column":19},"end":{"line":91,"column":19}},"type":"cond-expr","locations":[{"start":{"line":82,"column":20},"end":{"line":85,"column":22}},{"start":{"line":87,"column":20},"end":{"line":90,"column":22}}],"line":81},"7":{"loc":{"start":{"line":110,"column":7},"end":{"line":116,"column":7}},"type":"binary-expr","locations":[{"start":{"line":110,"column":7},"end":{"line":110,"column":17}},{"start":{"line":111,"column":8},"end":{"line":115,"column":10}}],"line":110}},"s":{"0":1,"1":74,"2":74},"f":{"0":74},"b":{"0":[74,10],"1":[61,13],"2":[74,66],"3":[74,66,61],"4":[74,5],"5":[66,8],"6":[66,8],"7":[74,0]},"_coverageSchema":"1a1c01bbd47fc00a2c39e90264f33305004495a9","hash":"9619ca2d31b7ab9bb2a08702ce297c081c84f1b3"}
,"/Users/waldothedeveloper/Documents/weginsurance_gatsby/src/hooks/authentication/useForgotPassword.js": {"path":"/Users/waldothedeveloper/Documents/weginsurance_gatsby/src/hooks/authentication/useForgotPassword.js","statementMap":{"0":{"start":{"line":8,"column":13},"end":{"line":8,"column":25}},"1":{"start":{"line":9,"column":0},"end":{"line":9,"column":25}},"2":{"start":{"line":11,"column":33},"end":{"line":70,"column":1}},"3":{"start":{"line":12,"column":28},"end":{"line":12,"column":40}},"4":{"start":{"line":13,"column":28},"end":{"line":13,"column":42}},"5":{"start":{"line":14,"column":38},"end":{"line":14,"column":50}},"6":{"start":{"line":15,"column":56},"end":{"line":15,"column":71}},"7":{"start":{"line":17,"column":2},"end":{"line":23,"column":14}},"8":{"start":{"line":18,"column":4},"end":{"line":22,"column":5}},"9":{"start":{"line":19,"column":6},"end":{"line":19,"column":72}},"10":{"start":{"line":21,"column":6},"end":{"line":21,"column":19}},"11":{"start":{"line":25,"column":23},"end":{"line":31,"column":3}},"12":{"start":{"line":26,"column":28},"end":{"line":26,"column":40}},"13":{"start":{"line":28,"column":4},"end":{"line":30,"column":5}},"14":{"start":{"line":29,"column":6},"end":{"line":29,"column":22}},"15":{"start":{"line":33,"column":23},"end":{"line":59,"column":3}},"16":{"start":{"line":34,"column":4},"end":{"line":34,"column":38}},"17":{"start":{"line":34,"column":15},"end":{"line":34,"column":38}},"18":{"start":{"line":37,"column":4},"end":{"line":58,"column":9}},"19":{"start":{"line":40,"column":8},"end":{"line":40,"column":79}},"20":{"start":{"line":43,"column":25},"end":{"line":43,"column":30}},"21":{"start":{"line":44,"column":8},"end":{"line":44,"column":36}},"22":{"start":{"line":46,"column":8},"end":{"line":57,"column":9}},"23":{"start":{"line":48,"column":12},"end":{"line":48,"column":72}},"24":{"start":{"line":49,"column":12},"end":{"line":49,"column":41}},"25":{"start":{"line":50,"column":12},"end":{"line":50,"column":18}},"26":{"start":{"line":52,"column":12},"end":{"line":54,"column":14}},"27":{"start":{"line":55,"column":12},"end":{"line":55,"column":41}},"28":{"start":{"line":56,"column":12},"end":{"line":56,"column":18}},"29":{"start":{"line":61,"column":2},"end":{"line":69,"column":4}}},"fnMap":{"0":{"name":"(anonymous_0)","decl":{"start":{"line":11,"column":33},"end":{"line":11,"column":34}},"loc":{"start":{"line":11,"column":39},"end":{"line":70,"column":1}},"line":11},"1":{"name":"(anonymous_1)","decl":{"start":{"line":17,"column":12},"end":{"line":17,"column":13}},"loc":{"start":{"line":17,"column":18},"end":{"line":23,"column":3}},"line":17},"2":{"name":"(anonymous_2)","decl":{"start":{"line":25,"column":23},"end":{"line":25,"column":24}},"loc":{"start":{"line":25,"column":34},"end":{"line":31,"column":3}},"line":25},"3":{"name":"(anonymous_3)","decl":{"start":{"line":33,"column":23},"end":{"line":33,"column":24}},"loc":{"start":{"line":33,"column":34},"end":{"line":59,"column":3}},"line":33},"4":{"name":"(anonymous_4)","decl":{"start":{"line":38,"column":12},"end":{"line":38,"column":13}},"loc":{"start":{"line":38,"column":18},"end":{"line":41,"column":7}},"line":38},"5":{"name":"(anonymous_5)","decl":{"start":{"line":42,"column":13},"end":{"line":42,"column":14}},"loc":{"start":{"line":42,"column":24},"end":{"line":58,"column":7}},"line":42}},"branchMap":{"0":{"loc":{"start":{"line":18,"column":4},"end":{"line":22,"column":5}},"type":"if","locations":[{"start":{"line":18,"column":4},"end":{"line":22,"column":5}},{"start":{"line":20,"column":11},"end":{"line":22,"column":5}}],"line":18},"1":{"loc":{"start":{"line":28,"column":4},"end":{"line":30,"column":5}},"type":"if","locations":[{"start":{"line":28,"column":4},"end":{"line":30,"column":5}},{"start":{},"end":{}}],"line":28},"2":{"loc":{"start":{"line":34,"column":4},"end":{"line":34,"column":38}},"type":"if","locations":[{"start":{"line":34,"column":4},"end":{"line":34,"column":38}},{"start":{},"end":{}}],"line":34},"3":{"loc":{"start":{"line":46,"column":8},"end":{"line":57,"column":9}},"type":"switch","locations":[{"start":{"line":47,"column":10},"end":{"line":50,"column":18}},{"start":{"line":51,"column":10},"end":{"line":56,"column":18}}],"line":46}},"s":{"0":1,"1":1,"2":1,"3":74,"4":74,"5":74,"6":74,"7":74,"8":37,"9":35,"10":2,"11":74,"12":32,"13":32,"14":32,"15":74,"16":0,"17":0,"18":0,"19":0,"20":0,"21":0,"22":0,"23":0,"24":0,"25":0,"26":0,"27":0,"28":0,"29":74},"f":{"0":74,"1":37,"2":32,"3":0,"4":0,"5":0},"b":{"0":[35,2],"1":[32,0],"2":[0,0],"3":[0,0]},"_coverageSchema":"1a1c01bbd47fc00a2c39e90264f33305004495a9","hash":"91a453b161de3ff12c8c6075dc5a00473fe8224b"}
,"/Users/waldothedeveloper/Documents/weginsurance_gatsby/src/hooks/authentication/validateEmailHelper.js": {"path":"/Users/waldothedeveloper/Documents/weginsurance_gatsby/src/hooks/authentication/validateEmailHelper.js","statementMap":{"0":{"start":{"line":2,"column":31},"end":{"line":4,"column":1}}},"fnMap":{},"branchMap":{},"s":{"0":1},"f":{},"b":{},"_coverageSchema":"1a1c01bbd47fc00a2c39e90264f33305004495a9","hash":"d4d60e5f3aca60f30e0c10c14d8a99b3a71b6ac5"}
,"/Users/waldothedeveloper/Documents/weginsurance_gatsby/src/pages/auth/email_sent_successfully.js": {"path":"/Users/waldothedeveloper/Documents/weginsurance_gatsby/src/pages/auth/email_sent_successfully.js","statementMap":{"0":{"start":{"line":5,"column":20},"end":{"line":5,"column":69}},"1":{"start":{"line":7,"column":2},"end":{"line":71,"column":4}},"2":{"start":{"line":74,"column":0},"end":{"line":76,"column":2}}},"fnMap":{"0":{"name":"EmailSentSuccessfully","decl":{"start":{"line":4,"column":24},"end":{"line":4,"column":45}},"loc":{"start":{"line":4,"column":60},"end":{"line":72,"column":1}},"line":4}},"branchMap":{"0":{"loc":{"start":{"line":5,"column":20},"end":{"line":5,"column":69}},"type":"binary-expr","locations":[{"start":{"line":5,"column":20},"end":{"line":5,"column":34}},{"start":{"line":5,"column":38},"end":{"line":5,"column":69}}],"line":5},"1":{"loc":{"start":{"line":14,"column":16},"end":{"line":16,"column":70}},"type":"cond-expr","locations":[{"start":{"line":15,"column":20},"end":{"line":15,"column":70}},{"start":{"line":16,"column":20},"end":{"line":16,"column":70}}],"line":14},"2":{"loc":{"start":{"line":19,"column":15},"end":{"line":19,"column":57}},"type":"cond-expr","locations":[{"start":{"line":19,"column":48},"end":{"line":19,"column":51}},{"start":{"line":19,"column":54},"end":{"line":19,"column":57}}],"line":19},"3":{"loc":{"start":{"line":25,"column":20},"end":{"line":27,"column":90}},"type":"cond-expr","locations":[{"start":{"line":26,"column":24},"end":{"line":26,"column":89}},{"start":{"line":27,"column":24},"end":{"line":27,"column":90}}],"line":25},"4":{"loc":{"start":{"line":30,"column":19},"end":{"line":32,"column":49}},"type":"cond-expr","locations":[{"start":{"line":31,"column":22},"end":{"line":31,"column":30}},{"start":{"line":32,"column":22},"end":{"line":32,"column":49}}],"line":30},"5":{"loc":{"start":{"line":34,"column":17},"end":{"line":44,"column":17}},"type":"cond-expr","locations":[{"start":{"line":35,"column":18},"end":{"line":37,"column":22}},{"start":{"line":39,"column":18},"end":{"line":43,"column":22}}],"line":34},"6":{"loc":{"start":{"line":54,"column":17},"end":{"line":64,"column":17}},"type":"cond-expr","locations":[{"start":{"line":54,"column":50},"end":{"line":54,"column":54}},{"start":{"line":55,"column":18},"end":{"line":63,"column":22}}],"line":54}},"s":{"0":4,"1":4,"2":1},"f":{"0":4},"b":{"0":[4,0],"1":[1,3],"2":[1,3],"3":[1,3],"4":[1,3],"5":[1,3],"6":[1,3]},"_coverageSchema":"1a1c01bbd47fc00a2c39e90264f33305004495a9","hash":"e5e7503b9ec460075c9699dac938e9a63f57ded1"}
,"/Users/waldothedeveloper/Documents/weginsurance_gatsby/src/utils/firebaseConfig.js": {"path":"/Users/waldothedeveloper/Documents/weginsurance_gatsby/src/utils/firebaseConfig.js","statementMap":{"0":{"start":{"line":3,"column":23},"end":{"line":11,"column":1}},"1":{"start":{"line":13,"column":19},"end":{"line":13,"column":48}}},"fnMap":{},"branchMap":{},"s":{"0":1,"1":1},"f":{},"b":{},"_coverageSchema":"1a1c01bbd47fc00a2c39e90264f33305004495a9","hash":"cb483de7b8e29a11affd58eea52559431d8fd870"}
}
