TN:
SF:src/components/landingPage.js
FN:7,(anonymous_0)
FNF:1
FNH:1
FNDA:2,(anonymous_0)
DA:7,1
DA:8,2
LF:2
LH:2
BRF:0
BRH:0
end_of_record
TN:
SF:src/components/layout.js
FN:3,Layout
FNF:1
FNH:1
FNDA:2,Layout
DA:4,2
DA:7,1
LF:2
LH:2
BRF:0
BRH:0
end_of_record
TN:
SF:src/components/loginButton.js
FN:4,(anonymous_0)
FNF:1
FNH:1
FNDA:3,(anonymous_0)
DA:4,2
DA:5,3
LF:2
LH:2
BRF:0
BRH:0
end_of_record
TN:
SF:src/components/notifications.js
FN:14,(anonymous_0)
FN:65,(anonymous_1)
FNF:2
FNH:2
FNDA:4,(anonymous_0)
FNDA:1,(anonymous_1)
DA:9,2
DA:14,2
DA:19,4
DA:66,1
DA:83,2
LF:5
LH:5
BRDA:39,0,0,3
BRDA:39,0,1,1
BRF:2
BRH:2
end_of_record
TN:
SF:src/components/authentication/forgotPasswordForm.js
FN:9,(anonymous_0)
FNF:1
FNH:1
FNDA:74,(anonymous_0)
DA:9,1
DA:18,74
DA:19,74
LF:3
LH:3
BRDA:52,0,0,74
BRDA:52,0,1,10
BRDA:58,1,0,61
BRDA:58,1,1,13
BRDA:58,2,0,74
BRDA:58,2,1,66
BRDA:64,3,0,74
BRDA:64,3,1,66
BRDA:64,3,2,61
BRDA:72,4,0,74
BRDA:72,4,1,5
BRDA:75,5,0,66
BRDA:75,5,1,8
BRDA:81,6,0,66
BRDA:81,6,1,8
BRDA:110,7,0,74
BRDA:110,7,1,0
BRF:17
BRH:16
end_of_record
TN:
SF:src/hooks/authentication/useForgotPassword.js
FN:11,(anonymous_0)
FN:17,(anonymous_1)
FN:25,(anonymous_2)
FN:33,(anonymous_3)
FN:38,(anonymous_4)
FN:42,(anonymous_5)
FNF:6
FNH:3
FNDA:74,(anonymous_0)
FNDA:37,(anonymous_1)
FNDA:32,(anonymous_2)
FNDA:0,(anonymous_3)
FNDA:0,(anonymous_4)
FNDA:0,(anonymous_5)
DA:8,1
DA:9,1
DA:11,1
DA:12,74
DA:13,74
DA:14,74
DA:15,74
DA:17,74
DA:18,37
DA:19,35
DA:21,2
DA:25,74
DA:26,32
DA:28,32
DA:29,32
DA:33,74
DA:34,0
DA:37,0
DA:40,0
DA:43,0
DA:44,0
DA:46,0
DA:48,0
DA:49,0
DA:50,0
DA:52,0
DA:55,0
DA:56,0
DA:61,74
LF:29
LH:17
BRDA:18,0,0,35
BRDA:18,0,1,2
BRDA:28,1,0,32
BRDA:28,1,1,0
BRDA:34,2,0,0
BRDA:34,2,1,0
BRDA:46,3,0,0
BRDA:46,3,1,0
BRF:8
BRH:3
end_of_record
TN:
SF:src/hooks/authentication/validateEmailHelper.js
FNF:0
FNH:0
DA:2,1
LF:1
LH:1
BRF:0
BRH:0
end_of_record
TN:
SF:src/pages/auth/email_sent_successfully.js
FN:4,EmailSentSuccessfully
FNF:1
FNH:1
FNDA:4,EmailSentSuccessfully
DA:5,4
DA:7,4
DA:74,1
LF:3
LH:3
BRDA:5,0,0,4
BRDA:5,0,1,0
BRDA:14,1,0,1
BRDA:14,1,1,3
BRDA:19,2,0,1
BRDA:19,2,1,3
BRDA:25,3,0,1
BRDA:25,3,1,3
BRDA:30,4,0,1
BRDA:30,4,1,3
BRDA:34,5,0,1
BRDA:34,5,1,3
BRDA:54,6,0,1
BRDA:54,6,1,3
BRF:14
BRH:13
end_of_record
TN:
SF:src/utils/firebaseConfig.js
FNF:0
FNH:0
DA:3,1
DA:13,1
LF:2
LH:2
BRF:0
BRH:0
end_of_record
