TN:
SF:src/components/landingPage.js
FN:7,(anonymous_0)
FNF:1
FNH:1
FNDA:2,(anonymous_0)
DA:7,1
DA:8,2
LF:2
LH:2
BRF:0
BRH:0
end_of_record
TN:
SF:src/components/layout.js
FN:3,Layout
FNF:1
FNH:1
FNDA:2,Layout
DA:4,2
DA:7,1
LF:2
LH:2
BRF:0
BRH:0
end_of_record
TN:
SF:src/components/loginButton.js
FN:4,(anonymous_0)
FNF:1
FNH:1
FNDA:3,(anonymous_0)
DA:4,2
DA:5,3
LF:2
LH:2
BRF:0
BRH:0
end_of_record
TN:
SF:src/components/admin/screen.js
FN:3,(anonymous_0)
FN:4,(anonymous_1)
FNF:2
FNH:2
FNDA:2,(anonymous_0)
FNDA:6,(anonymous_1)
DA:3,1
DA:4,6
DA:6,2
DA:24,1
LF:4
LH:4
BRF:0
BRH:0
end_of_record
TN:
SF:src/components/admin/switcher.js
FN:5,(anonymous_0)
FN:7,(anonymous_1)
FN:10,(anonymous_2)
FNF:3
FNH:3
FNDA:2,(anonymous_0)
FNDA:6,(anonymous_1)
FNDA:1,(anonymous_2)
DA:5,1
DA:6,2
DA:8,6
DA:10,1
DA:28,1
LF:5
LH:5
BRDA:12,0,0,2
BRDA:12,0,1,4
BRF:2
BRH:2
end_of_record
TN:
SF:src/components/authentication/forgotPasswordForm.js
FN:9,(anonymous_0)
FNF:1
FNH:1
FNDA:74,(anonymous_0)
DA:9,1
DA:17,74
DA:19,74
LF:3
LH:3
BRDA:21,0,0,74
BRDA:21,0,1,0
BRDA:23,1,0,0
BRDA:23,1,1,0
BRDA:60,2,0,74
BRDA:60,2,1,10
BRDA:66,3,0,61
BRDA:66,3,1,13
BRDA:66,4,0,74
BRDA:66,4,1,66
BRDA:72,5,0,74
BRDA:72,5,1,66
BRDA:72,5,2,61
BRDA:80,6,0,74
BRDA:80,6,1,5
BRDA:83,7,0,66
BRDA:83,7,1,8
BRDA:89,8,0,66
BRDA:89,8,1,8
BRF:19
BRH:16
end_of_record
TN:
SF:src/components/chat/all.js
FN:3,(anonymous_0)
FNF:1
FNH:0
FNDA:0,(anonymous_0)
DA:3,2
DA:4,0
LF:2
LH:1
BRF:0
BRH:0
end_of_record
TN:
SF:src/components/shared/auth.js
FN:11,(anonymous_0)
FN:15,(anonymous_1)
FN:16,(anonymous_2)
FN:25,(anonymous_3)
FN:30,(anonymous_4)
FN:39,(anonymous_5)
FN:41,(anonymous_6)
FN:44,(anonymous_7)
FNF:8
FNH:5
FNDA:2,(anonymous_0)
FNDA:1,(anonymous_1)
FNDA:1,(anonymous_2)
FNDA:1,(anonymous_3)
FNDA:2,(anonymous_4)
FNDA:0,(anonymous_5)
FNDA:0,(anonymous_6)
FNDA:0,(anonymous_7)
DA:7,1
DA:9,1
DA:11,1
DA:12,2
DA:13,2
DA:15,2
DA:16,1
DA:17,1
DA:18,1
DA:19,0
DA:20,0
DA:22,1
DA:25,1
DA:27,2
DA:30,1
DA:31,2
DA:33,2
DA:34,0
DA:36,2
DA:39,1
DA:40,0
DA:42,0
DA:45,0
LF:23
LH:17
BRDA:18,0,0,0
BRDA:18,0,1,1
BRDA:33,1,0,0
BRDA:33,1,1,2
BRF:4
BRH:2
end_of_record
TN:
SF:src/components/shared/banner.js
FN:19,(anonymous_0)
FN:22,(anonymous_1)
FN:67,(anonymous_2)
FNF:3
FNH:3
FNDA:8,(anonymous_0)
FNDA:4,(anonymous_1)
FNDA:1,(anonymous_2)
DA:14,2
DA:19,2
DA:20,8
DA:22,8
DA:23,4
DA:24,3
DA:33,8
DA:68,1
DA:69,1
DA:91,2
LF:10
LH:10
BRDA:19,0,0,1
BRDA:23,1,0,3
BRDA:23,1,1,1
BRDA:34,2,0,8
BRDA:34,2,1,7
BRDA:50,3,0,5
BRDA:50,3,1,2
BRDA:73,4,0,2
BRDA:73,4,1,5
BRDA:75,5,0,5
BRDA:75,5,1,0
BRF:11
BRH:10
end_of_record
TN:
SF:src/components/shared/loader.js
FN:3,(anonymous_0)
FNF:1
FNH:1
FNDA:2,(anonymous_0)
DA:3,2
DA:4,2
LF:2
LH:2
BRF:0
BRH:0
end_of_record
TN:
SF:src/components/shared/privateRoute.js
FN:8,(anonymous_0)
FNF:1
FNH:1
FNDA:2,(anonymous_0)
DA:8,1
DA:9,2
DA:11,2
DA:12,1
DA:15,2
DA:16,1
DA:18,1
DA:23,1
LF:8
LH:8
BRDA:11,0,0,1
BRDA:11,0,1,1
BRDA:11,1,0,2
BRDA:11,1,1,2
BRDA:11,1,2,2
BRDA:15,2,0,1
BRDA:15,2,1,1
BRF:7
BRH:7
end_of_record
TN:
SF:src/components/statistics/all.js
FN:3,(anonymous_0)
FNF:1
FNH:1
FNDA:2,(anonymous_0)
DA:3,2
LF:1
LH:1
BRF:0
BRH:0
end_of_record
TN:
SF:src/components/users/form.js
FN:2,(anonymous_0)
FNF:1
FNH:0
FNDA:0,(anonymous_0)
DA:2,2
DA:3,0
LF:2
LH:1
BRF:0
BRH:0
end_of_record
TN:
SF:src/components/users/screen.js
FN:4,(anonymous_0)
FNF:1
FNH:0
FNDA:0,(anonymous_0)
DA:4,2
DA:5,0
LF:2
LH:1
BRF:0
BRH:0
end_of_record
TN:
SF:src/components/users/usersDictionary.js
FN:181,(anonymous_0)
FN:183,(anonymous_1)
FN:189,(anonymous_2)
FNF:3
FNH:0
FNDA:0,(anonymous_0)
FNDA:0,(anonymous_1)
FNDA:0,(anonymous_2)
DA:2,2
DA:181,2
DA:182,0
DA:184,0
DA:190,0
LF:5
LH:2
BRF:0
BRH:0
end_of_record
TN:
SF:src/hooks/authentication/useForgotPassword.js
FN:11,(anonymous_0)
FN:16,(anonymous_1)
FN:26,(anonymous_2)
FN:34,(anonymous_3)
FN:39,(anonymous_4)
FN:43,(anonymous_5)
FN:48,(anonymous_6)
FN:52,(anonymous_7)
FNF:8
FNH:3
FNDA:74,(anonymous_0)
FNDA:37,(anonymous_1)
FNDA:32,(anonymous_2)
FNDA:0,(anonymous_3)
FNDA:0,(anonymous_4)
FNDA:0,(anonymous_5)
FNDA:0,(anonymous_6)
FNDA:0,(anonymous_7)
DA:8,1
DA:9,1
DA:11,1
DA:12,74
DA:13,74
DA:14,74
DA:16,74
DA:17,37
DA:18,35
DA:22,2
DA:26,74
DA:27,32
DA:29,32
DA:30,32
DA:34,74
DA:35,0
DA:38,0
DA:41,0
DA:44,0
DA:46,0
DA:48,0
DA:49,0
DA:51,0
DA:53,0
DA:55,0
DA:60,74
LF:26
LH:16
BRDA:17,0,0,35
BRDA:17,0,1,2
BRDA:29,1,0,32
BRDA:29,1,1,0
BRDA:35,2,0,0
BRDA:35,2,1,0
BRDA:46,3,0,0
BRDA:46,3,1,0
BRF:8
BRH:3
end_of_record
TN:
SF:src/hooks/authentication/validateEmailHelper.js
FNF:0
FNH:0
DA:2,2
LF:1
LH:1
BRF:0
BRH:0
end_of_record
TN:
SF:src/pages/auth/email_sent_successfully.js
FN:4,EmailSentSuccessfully
FNF:1
FNH:1
FNDA:4,EmailSentSuccessfully
DA:5,4
DA:7,4
DA:74,1
LF:3
LH:3
BRDA:5,0,0,4
BRDA:5,0,1,0
BRDA:14,1,0,1
BRDA:14,1,1,3
BRDA:19,2,0,1
BRDA:19,2,1,3
BRDA:25,3,0,1
BRDA:25,3,1,3
BRDA:30,4,0,1
BRDA:30,4,1,3
BRDA:34,5,0,1
BRDA:34,5,1,3
BRDA:54,6,0,1
BRDA:54,6,1,3
BRF:14
BRH:13
end_of_record
TN:
SF:src/utils/classNames.js
FN:1,(anonymous_0)
FNF:1
FNH:1
FNDA:13,(anonymous_0)
DA:1,13
LF:1
LH:1
BRF:0
BRH:0
end_of_record
TN:
SF:src/utils/firebaseConfig.js
FNF:0
FNH:0
DA:3,2
DA:13,2
DA:15,2
LF:3
LH:3
BRDA:15,0,0,2
BRDA:15,0,1,0
BRF:2
BRH:1
end_of_record
